   1               		.file	"main.c"
   2               	__SP_H__ = 0x3e
   3               	__SP_L__ = 0x3d
   4               	__SREG__ = 0x3f
   5               	__tmp_reg__ = 0
   6               	__zero_reg__ = 1
   8               		.text
   9               	.Ltext0:
 110               	.global	initIO
 112               	initIO:
   1:/Users/insooKim/Documents/GitHub/xavr/blinkArduino/blinkArduino/main.c **** /* Name: main.c
   2:/Users/insooKim/Documents/GitHub/xavr/blinkArduino/blinkArduino/main.c ****  * Author: Insoo Kim
   3:/Users/insooKim/Documents/GitHub/xavr/blinkArduino/blinkArduino/main.c ****  * License: MIT License
   4:/Users/insooKim/Documents/GitHub/xavr/blinkArduino/blinkArduino/main.c ****  * Ref: https://jawher.me/using-xcode-avr-c/
   5:/Users/insooKim/Documents/GitHub/xavr/blinkArduino/blinkArduino/main.c ****  * Created: Dec 27, 2024
   6:/Users/insooKim/Documents/GitHub/xavr/blinkArduino/blinkArduino/main.c ****  * Upated:
   7:/Users/insooKim/Documents/GitHub/xavr/blinkArduino/blinkArduino/main.c ****  */
   8:/Users/insooKim/Documents/GitHub/xavr/blinkArduino/blinkArduino/main.c **** 
   9:/Users/insooKim/Documents/GitHub/xavr/blinkArduino/blinkArduino/main.c **** #include <stdio.h>
  10:/Users/insooKim/Documents/GitHub/xavr/blinkArduino/blinkArduino/main.c **** #include <avr/io.h>
  11:/Users/insooKim/Documents/GitHub/xavr/blinkArduino/blinkArduino/main.c **** #include <avr/interrupt.h>
  12:/Users/insooKim/Documents/GitHub/xavr/blinkArduino/blinkArduino/main.c **** #include <util/delay.h>
  13:/Users/insooKim/Documents/GitHub/xavr/blinkArduino/blinkArduino/main.c **** 
  14:/Users/insooKim/Documents/GitHub/xavr/blinkArduino/blinkArduino/main.c **** void initIO(void) {
 114               	.LM0:
 115               	.LFBB1:
 116               	/* prologue: function */
 117               	/* frame size = 0 */
 118               	/* stack size = 0 */
 119               	.L__stack_usage = 0
  15:/Users/insooKim/Documents/GitHub/xavr/blinkArduino/blinkArduino/main.c ****     // Set Data Direction Register B w/Data Direction Bit
  16:/Users/insooKim/Documents/GitHub/xavr/blinkArduino/blinkArduino/main.c ****     //DDRB |= _BV(DDB5); // Set LED as an output
  17:/Users/insooKim/Documents/GitHub/xavr/blinkArduino/blinkArduino/main.c ****     DDRB |= (1 << DDB5); // Save effect as above
 121               	.LM1:
 122 0000 259A      		sbi 0x4,5
 123 0002 0895      		ret
 125               	.Lscope1:
 126               		.section	.text.startup,"ax",@progbits
 128               	.global	main
 130               	main:
  18:/Users/insooKim/Documents/GitHub/xavr/blinkArduino/blinkArduino/main.c **** }
  19:/Users/insooKim/Documents/GitHub/xavr/blinkArduino/blinkArduino/main.c **** 
  20:/Users/insooKim/Documents/GitHub/xavr/blinkArduino/blinkArduino/main.c **** int main(void) {
 132               	.LM2:
 133               	.LFBB2:
 134               	/* prologue: function */
 135               	/* frame size = 0 */
 136               	/* stack size = 0 */
 137               	.L__stack_usage = 0
  21:/Users/insooKim/Documents/GitHub/xavr/blinkArduino/blinkArduino/main.c **** 	initIO();
 139               	.LM3:
 140 0000 0E94 0000 		call initIO
 141               	.LBB5:
  22:/Users/insooKim/Documents/GitHub/xavr/blinkArduino/blinkArduino/main.c ****     
  23:/Users/insooKim/Documents/GitHub/xavr/blinkArduino/blinkArduino/main.c **** 	while (1) {
  24:/Users/insooKim/Documents/GitHub/xavr/blinkArduino/blinkArduino/main.c ****         // set i < 5 for blinking like every third sec
  25:/Users/insooKim/Documents/GitHub/xavr/blinkArduino/blinkArduino/main.c ****         // set i < 20 for blinking like every sec
  26:/Users/insooKim/Documents/GitHub/xavr/blinkArduino/blinkArduino/main.c ****         for(char i = 0; i < 5; i++){
 143               	.LM4:
 144 0004 80E0      		ldi r24,0
 145               	.LBE5:
  27:/Users/insooKim/Documents/GitHub/xavr/blinkArduino/blinkArduino/main.c ****             _delay_ms(30);  /* max is 262.14 ms / F_CPU in MHz */
  28:/Users/insooKim/Documents/GitHub/xavr/blinkArduino/blinkArduino/main.c ****         }
  29:/Users/insooKim/Documents/GitHub/xavr/blinkArduino/blinkArduino/main.c ****         //PORTB ^=(1 << PORTB5);    /* toggle the LED */
  30:/Users/insooKim/Documents/GitHub/xavr/blinkArduino/blinkArduino/main.c ****         PORTB ^= _BV(PORTB5);       // Save effect as above
 147               	.LM5:
 148 0006 90E2      		ldi r25,lo8(32)
 149               	.L3:
 150               	.LBB8:
  26:/Users/insooKim/Documents/GitHub/xavr/blinkArduino/blinkArduino/main.c ****         for(char i = 0; i < 5; i++){
 152               	.LM6:
 153 0008 8530      		cpi r24,lo8(5)
 154 000a 00F4      		brsh .L7
 155               	.L4:
 156               	.LBB6:
 157               	.LBB7:
 159               	.Ltext1:
   1:/usr/local/CrossPack-AVR-20131216/avr/include/util/delay.h **** /* Copyright (c) 2002, Marek Michalkiewicz
   2:/usr/local/CrossPack-AVR-20131216/avr/include/util/delay.h ****    Copyright (c) 2004,2005,2007 Joerg Wunsch
   3:/usr/local/CrossPack-AVR-20131216/avr/include/util/delay.h ****    Copyright (c) 2007  Florin-Viorel Petrov
   4:/usr/local/CrossPack-AVR-20131216/avr/include/util/delay.h ****    All rights reserved.
   5:/usr/local/CrossPack-AVR-20131216/avr/include/util/delay.h **** 
   6:/usr/local/CrossPack-AVR-20131216/avr/include/util/delay.h ****    Redistribution and use in source and binary forms, with or without
   7:/usr/local/CrossPack-AVR-20131216/avr/include/util/delay.h ****    modification, are permitted provided that the following conditions are met:
   8:/usr/local/CrossPack-AVR-20131216/avr/include/util/delay.h **** 
   9:/usr/local/CrossPack-AVR-20131216/avr/include/util/delay.h ****    * Redistributions of source code must retain the above copyright
  10:/usr/local/CrossPack-AVR-20131216/avr/include/util/delay.h ****      notice, this list of conditions and the following disclaimer.
  11:/usr/local/CrossPack-AVR-20131216/avr/include/util/delay.h **** 
  12:/usr/local/CrossPack-AVR-20131216/avr/include/util/delay.h ****    * Redistributions in binary form must reproduce the above copyright
  13:/usr/local/CrossPack-AVR-20131216/avr/include/util/delay.h ****      notice, this list of conditions and the following disclaimer in
  14:/usr/local/CrossPack-AVR-20131216/avr/include/util/delay.h ****      the documentation and/or other materials provided with the
  15:/usr/local/CrossPack-AVR-20131216/avr/include/util/delay.h ****      distribution.
  16:/usr/local/CrossPack-AVR-20131216/avr/include/util/delay.h **** 
  17:/usr/local/CrossPack-AVR-20131216/avr/include/util/delay.h ****    * Neither the name of the copyright holders nor the names of
  18:/usr/local/CrossPack-AVR-20131216/avr/include/util/delay.h ****      contributors may be used to endorse or promote products derived
  19:/usr/local/CrossPack-AVR-20131216/avr/include/util/delay.h ****      from this software without specific prior written permission.
  20:/usr/local/CrossPack-AVR-20131216/avr/include/util/delay.h **** 
  21:/usr/local/CrossPack-AVR-20131216/avr/include/util/delay.h ****   THIS SOFTWARE IS PROVIDED BY THE COPYRIGHT HOLDERS AND CONTRIBUTORS "AS IS"
  22:/usr/local/CrossPack-AVR-20131216/avr/include/util/delay.h ****   AND ANY EXPRESS OR IMPLIED WARRANTIES, INCLUDING, BUT NOT LIMITED TO, THE
  23:/usr/local/CrossPack-AVR-20131216/avr/include/util/delay.h ****   IMPLIED WARRANTIES OF MERCHANTABILITY AND FITNESS FOR A PARTICULAR PURPOSE
  24:/usr/local/CrossPack-AVR-20131216/avr/include/util/delay.h ****   ARE DISCLAIMED. IN NO EVENT SHALL THE COPYRIGHT OWNER OR CONTRIBUTORS BE
  25:/usr/local/CrossPack-AVR-20131216/avr/include/util/delay.h ****   LIABLE FOR ANY DIRECT, INDIRECT, INCIDENTAL, SPECIAL, EXEMPLARY, OR
  26:/usr/local/CrossPack-AVR-20131216/avr/include/util/delay.h ****   CONSEQUENTIAL DAMAGES (INCLUDING, BUT NOT LIMITED TO, PROCUREMENT OF
  27:/usr/local/CrossPack-AVR-20131216/avr/include/util/delay.h ****   SUBSTITUTE GOODS OR SERVICES; LOSS OF USE, DATA, OR PROFITS; OR BUSINESS
  28:/usr/local/CrossPack-AVR-20131216/avr/include/util/delay.h ****   INTERRUPTION) HOWEVER CAUSED AND ON ANY THEORY OF LIABILITY, WHETHER IN
  29:/usr/local/CrossPack-AVR-20131216/avr/include/util/delay.h ****   CONTRACT, STRICT LIABILITY, OR TORT (INCLUDING NEGLIGENCE OR OTHERWISE)
  30:/usr/local/CrossPack-AVR-20131216/avr/include/util/delay.h ****   ARISING IN ANY WAY OUT OF THE USE OF THIS SOFTWARE, EVEN IF ADVISED OF THE
  31:/usr/local/CrossPack-AVR-20131216/avr/include/util/delay.h ****   POSSIBILITY OF SUCH DAMAGE. */
  32:/usr/local/CrossPack-AVR-20131216/avr/include/util/delay.h **** 
  33:/usr/local/CrossPack-AVR-20131216/avr/include/util/delay.h **** /* $Id$ */
  34:/usr/local/CrossPack-AVR-20131216/avr/include/util/delay.h **** 
  35:/usr/local/CrossPack-AVR-20131216/avr/include/util/delay.h **** #ifndef _UTIL_DELAY_H_
  36:/usr/local/CrossPack-AVR-20131216/avr/include/util/delay.h **** #define _UTIL_DELAY_H_ 1
  37:/usr/local/CrossPack-AVR-20131216/avr/include/util/delay.h **** 
  38:/usr/local/CrossPack-AVR-20131216/avr/include/util/delay.h **** #ifndef __HAS_DELAY_CYCLES
  39:/usr/local/CrossPack-AVR-20131216/avr/include/util/delay.h **** #define __HAS_DELAY_CYCLES 1
  40:/usr/local/CrossPack-AVR-20131216/avr/include/util/delay.h **** #endif
  41:/usr/local/CrossPack-AVR-20131216/avr/include/util/delay.h **** 
  42:/usr/local/CrossPack-AVR-20131216/avr/include/util/delay.h **** #include <inttypes.h>
  43:/usr/local/CrossPack-AVR-20131216/avr/include/util/delay.h **** #include <util/delay_basic.h>
  44:/usr/local/CrossPack-AVR-20131216/avr/include/util/delay.h **** #include <math.h>
  45:/usr/local/CrossPack-AVR-20131216/avr/include/util/delay.h **** 
  46:/usr/local/CrossPack-AVR-20131216/avr/include/util/delay.h **** /** \file */
  47:/usr/local/CrossPack-AVR-20131216/avr/include/util/delay.h **** /** \defgroup util_delay <util/delay.h>: Convenience functions for busy-wait delay loops
  48:/usr/local/CrossPack-AVR-20131216/avr/include/util/delay.h ****     \code
  49:/usr/local/CrossPack-AVR-20131216/avr/include/util/delay.h ****     #define F_CPU 1000000UL  // 1 MHz
  50:/usr/local/CrossPack-AVR-20131216/avr/include/util/delay.h ****     //#define F_CPU 14.7456E6
  51:/usr/local/CrossPack-AVR-20131216/avr/include/util/delay.h ****     #include <util/delay.h>
  52:/usr/local/CrossPack-AVR-20131216/avr/include/util/delay.h ****     \endcode
  53:/usr/local/CrossPack-AVR-20131216/avr/include/util/delay.h **** 
  54:/usr/local/CrossPack-AVR-20131216/avr/include/util/delay.h ****     \note As an alternative method, it is possible to pass the
  55:/usr/local/CrossPack-AVR-20131216/avr/include/util/delay.h ****     F_CPU macro down to the compiler from the Makefile.
  56:/usr/local/CrossPack-AVR-20131216/avr/include/util/delay.h ****     Obviously, in that case, no \c \#define statement should be
  57:/usr/local/CrossPack-AVR-20131216/avr/include/util/delay.h ****     used.
  58:/usr/local/CrossPack-AVR-20131216/avr/include/util/delay.h **** 
  59:/usr/local/CrossPack-AVR-20131216/avr/include/util/delay.h ****     The functions in this header file are wrappers around the basic
  60:/usr/local/CrossPack-AVR-20131216/avr/include/util/delay.h ****     busy-wait functions from <util/delay_basic.h>.  They are meant as
  61:/usr/local/CrossPack-AVR-20131216/avr/include/util/delay.h ****     convenience functions where actual time values can be specified
  62:/usr/local/CrossPack-AVR-20131216/avr/include/util/delay.h ****     rather than a number of cycles to wait for.  The idea behind is
  63:/usr/local/CrossPack-AVR-20131216/avr/include/util/delay.h ****     that compile-time constant expressions will be eliminated by
  64:/usr/local/CrossPack-AVR-20131216/avr/include/util/delay.h ****     compiler optimization so floating-point expressions can be used
  65:/usr/local/CrossPack-AVR-20131216/avr/include/util/delay.h ****     to calculate the number of delay cycles needed based on the CPU
  66:/usr/local/CrossPack-AVR-20131216/avr/include/util/delay.h ****     frequency passed by the macro F_CPU.
  67:/usr/local/CrossPack-AVR-20131216/avr/include/util/delay.h **** 
  68:/usr/local/CrossPack-AVR-20131216/avr/include/util/delay.h ****     \note In order for these functions to work as intended, compiler
  69:/usr/local/CrossPack-AVR-20131216/avr/include/util/delay.h ****     optimizations <em>must</em> be enabled, and the delay time
  70:/usr/local/CrossPack-AVR-20131216/avr/include/util/delay.h ****     <em>must</em> be an expression that is a known constant at
  71:/usr/local/CrossPack-AVR-20131216/avr/include/util/delay.h ****     compile-time.  If these requirements are not met, the resulting
  72:/usr/local/CrossPack-AVR-20131216/avr/include/util/delay.h ****     delay will be much longer (and basically unpredictable), and
  73:/usr/local/CrossPack-AVR-20131216/avr/include/util/delay.h ****     applications that otherwise do not use floating-point calculations
  74:/usr/local/CrossPack-AVR-20131216/avr/include/util/delay.h ****     will experience severe code bloat by the floating-point library
  75:/usr/local/CrossPack-AVR-20131216/avr/include/util/delay.h ****     routines linked into the application.
  76:/usr/local/CrossPack-AVR-20131216/avr/include/util/delay.h **** 
  77:/usr/local/CrossPack-AVR-20131216/avr/include/util/delay.h ****     The functions available allow the specification of microsecond, and
  78:/usr/local/CrossPack-AVR-20131216/avr/include/util/delay.h ****     millisecond delays directly, using the application-supplied macro
  79:/usr/local/CrossPack-AVR-20131216/avr/include/util/delay.h ****     F_CPU as the CPU clock frequency (in Hertz).
  80:/usr/local/CrossPack-AVR-20131216/avr/include/util/delay.h **** 
  81:/usr/local/CrossPack-AVR-20131216/avr/include/util/delay.h **** */
  82:/usr/local/CrossPack-AVR-20131216/avr/include/util/delay.h **** 
  83:/usr/local/CrossPack-AVR-20131216/avr/include/util/delay.h **** #if !defined(__DOXYGEN__)
  84:/usr/local/CrossPack-AVR-20131216/avr/include/util/delay.h **** static inline void _delay_us(double __us) __attribute__((always_inline));
  85:/usr/local/CrossPack-AVR-20131216/avr/include/util/delay.h **** static inline void _delay_ms(double __ms) __attribute__((always_inline));
  86:/usr/local/CrossPack-AVR-20131216/avr/include/util/delay.h **** #endif
  87:/usr/local/CrossPack-AVR-20131216/avr/include/util/delay.h **** 
  88:/usr/local/CrossPack-AVR-20131216/avr/include/util/delay.h **** #ifndef F_CPU
  89:/usr/local/CrossPack-AVR-20131216/avr/include/util/delay.h **** /* prevent compiler error by supplying a default */
  90:/usr/local/CrossPack-AVR-20131216/avr/include/util/delay.h **** # warning "F_CPU not defined for <util/delay.h>"
  91:/usr/local/CrossPack-AVR-20131216/avr/include/util/delay.h **** # define F_CPU 1000000UL
  92:/usr/local/CrossPack-AVR-20131216/avr/include/util/delay.h **** #endif
  93:/usr/local/CrossPack-AVR-20131216/avr/include/util/delay.h **** 
  94:/usr/local/CrossPack-AVR-20131216/avr/include/util/delay.h **** #ifndef __OPTIMIZE__
  95:/usr/local/CrossPack-AVR-20131216/avr/include/util/delay.h **** # warning "Compiler optimizations disabled; functions from <util/delay.h> won't work as designed"
  96:/usr/local/CrossPack-AVR-20131216/avr/include/util/delay.h **** #endif
  97:/usr/local/CrossPack-AVR-20131216/avr/include/util/delay.h **** 
  98:/usr/local/CrossPack-AVR-20131216/avr/include/util/delay.h **** #if __HAS_DELAY_CYCLES && defined(__OPTIMIZE__) && \
  99:/usr/local/CrossPack-AVR-20131216/avr/include/util/delay.h ****   !defined(__DELAY_BACKWARD_COMPATIBLE__) &&	   \
 100:/usr/local/CrossPack-AVR-20131216/avr/include/util/delay.h ****   __STDC_HOSTED__
 101:/usr/local/CrossPack-AVR-20131216/avr/include/util/delay.h **** #  include <math.h>
 102:/usr/local/CrossPack-AVR-20131216/avr/include/util/delay.h **** #endif
 103:/usr/local/CrossPack-AVR-20131216/avr/include/util/delay.h **** 
 104:/usr/local/CrossPack-AVR-20131216/avr/include/util/delay.h **** /**
 105:/usr/local/CrossPack-AVR-20131216/avr/include/util/delay.h ****    \ingroup util_delay
 106:/usr/local/CrossPack-AVR-20131216/avr/include/util/delay.h **** 
 107:/usr/local/CrossPack-AVR-20131216/avr/include/util/delay.h ****    Perform a delay of \c __ms milliseconds, using _delay_loop_2().
 108:/usr/local/CrossPack-AVR-20131216/avr/include/util/delay.h **** 
 109:/usr/local/CrossPack-AVR-20131216/avr/include/util/delay.h ****    The macro F_CPU is supposed to be defined to a
 110:/usr/local/CrossPack-AVR-20131216/avr/include/util/delay.h ****    constant defining the CPU clock frequency (in Hertz).
 111:/usr/local/CrossPack-AVR-20131216/avr/include/util/delay.h **** 
 112:/usr/local/CrossPack-AVR-20131216/avr/include/util/delay.h ****    The maximal possible delay is 262.14 ms / F_CPU in MHz.
 113:/usr/local/CrossPack-AVR-20131216/avr/include/util/delay.h **** 
 114:/usr/local/CrossPack-AVR-20131216/avr/include/util/delay.h ****    When the user request delay which exceed the maximum possible one,
 115:/usr/local/CrossPack-AVR-20131216/avr/include/util/delay.h ****    _delay_ms() provides a decreased resolution functionality. In this
 116:/usr/local/CrossPack-AVR-20131216/avr/include/util/delay.h ****    mode _delay_ms() will work with a resolution of 1/10 ms, providing
 117:/usr/local/CrossPack-AVR-20131216/avr/include/util/delay.h ****    delays up to 6.5535 seconds (independent from CPU frequency).  The
 118:/usr/local/CrossPack-AVR-20131216/avr/include/util/delay.h ****    user will not be informed about decreased resolution.
 119:/usr/local/CrossPack-AVR-20131216/avr/include/util/delay.h **** 
 120:/usr/local/CrossPack-AVR-20131216/avr/include/util/delay.h ****    If the avr-gcc toolchain has __builtin_avr_delay_cycles(unsigned long)
 121:/usr/local/CrossPack-AVR-20131216/avr/include/util/delay.h ****    support, maximal possible delay is 4294967.295 ms/ F_CPU in MHz. For
 122:/usr/local/CrossPack-AVR-20131216/avr/include/util/delay.h ****    values greater than the maximal possible delay, overflows results in
 123:/usr/local/CrossPack-AVR-20131216/avr/include/util/delay.h ****    no delay i.e., 0ms.
 124:/usr/local/CrossPack-AVR-20131216/avr/include/util/delay.h **** 
 125:/usr/local/CrossPack-AVR-20131216/avr/include/util/delay.h ****    Conversion of __us into clock cycles may not always result in integer.
 126:/usr/local/CrossPack-AVR-20131216/avr/include/util/delay.h ****    By default, the clock cycles rounded up to next integer. This ensures that
 127:/usr/local/CrossPack-AVR-20131216/avr/include/util/delay.h ****    the user gets atleast __us microseconds of delay.
 128:/usr/local/CrossPack-AVR-20131216/avr/include/util/delay.h **** 
 129:/usr/local/CrossPack-AVR-20131216/avr/include/util/delay.h ****    Alternatively, user can define __DELAY_ROUND_DOWN__ and __DELAY_ROUND_CLOSEST__
 130:/usr/local/CrossPack-AVR-20131216/avr/include/util/delay.h ****    to round down and round to closest integer.
 131:/usr/local/CrossPack-AVR-20131216/avr/include/util/delay.h **** 
 132:/usr/local/CrossPack-AVR-20131216/avr/include/util/delay.h ****    Note: The new implementation of _delay_ms(double __ms) with 
 133:/usr/local/CrossPack-AVR-20131216/avr/include/util/delay.h ****     __builtin_avr_delay_cycles(unsigned long) support is not backward compatible. 
 134:/usr/local/CrossPack-AVR-20131216/avr/include/util/delay.h ****    User can define __DELAY_BACKWARD_COMPATIBLE__ to get a backward compatible delay.
 135:/usr/local/CrossPack-AVR-20131216/avr/include/util/delay.h ****    Also, the backward compatible
 136:/usr/local/CrossPack-AVR-20131216/avr/include/util/delay.h ****    algorithm will be chosen if the code is compiled in a <em>freestanding
 137:/usr/local/CrossPack-AVR-20131216/avr/include/util/delay.h ****    environment</em> (GCC option \c -ffreestanding), as the math functions
 138:/usr/local/CrossPack-AVR-20131216/avr/include/util/delay.h ****    required for rounding are not available to the compiler then.
 139:/usr/local/CrossPack-AVR-20131216/avr/include/util/delay.h **** 
 140:/usr/local/CrossPack-AVR-20131216/avr/include/util/delay.h ****  */
 141:/usr/local/CrossPack-AVR-20131216/avr/include/util/delay.h **** void
 142:/usr/local/CrossPack-AVR-20131216/avr/include/util/delay.h **** _delay_ms(double __ms)
 143:/usr/local/CrossPack-AVR-20131216/avr/include/util/delay.h **** {
 144:/usr/local/CrossPack-AVR-20131216/avr/include/util/delay.h **** 	double __tmp ; 
 145:/usr/local/CrossPack-AVR-20131216/avr/include/util/delay.h **** #if __HAS_DELAY_CYCLES && defined(__OPTIMIZE__) && \
 146:/usr/local/CrossPack-AVR-20131216/avr/include/util/delay.h ****   !defined(__DELAY_BACKWARD_COMPATIBLE__) &&	   \
 147:/usr/local/CrossPack-AVR-20131216/avr/include/util/delay.h ****   __STDC_HOSTED__
 148:/usr/local/CrossPack-AVR-20131216/avr/include/util/delay.h **** 	uint32_t __ticks_dc;
 149:/usr/local/CrossPack-AVR-20131216/avr/include/util/delay.h **** 	extern void __builtin_avr_delay_cycles(unsigned long);
 150:/usr/local/CrossPack-AVR-20131216/avr/include/util/delay.h **** 	__tmp = ((F_CPU) / 1e3) * __ms;
 151:/usr/local/CrossPack-AVR-20131216/avr/include/util/delay.h **** 
 152:/usr/local/CrossPack-AVR-20131216/avr/include/util/delay.h **** 	#if defined(__DELAY_ROUND_DOWN__)
 153:/usr/local/CrossPack-AVR-20131216/avr/include/util/delay.h **** 		__ticks_dc = (uint32_t)fabs(__tmp);
 154:/usr/local/CrossPack-AVR-20131216/avr/include/util/delay.h **** 
 155:/usr/local/CrossPack-AVR-20131216/avr/include/util/delay.h **** 	#elif defined(__DELAY_ROUND_CLOSEST__)
 156:/usr/local/CrossPack-AVR-20131216/avr/include/util/delay.h **** 		__ticks_dc = (uint32_t)(fabs(__tmp)+0.5);
 157:/usr/local/CrossPack-AVR-20131216/avr/include/util/delay.h **** 
 158:/usr/local/CrossPack-AVR-20131216/avr/include/util/delay.h **** 	#else
 159:/usr/local/CrossPack-AVR-20131216/avr/include/util/delay.h **** 		//round up by default
 160:/usr/local/CrossPack-AVR-20131216/avr/include/util/delay.h **** 		__ticks_dc = (uint32_t)(ceil(fabs(__tmp)));
 161:/usr/local/CrossPack-AVR-20131216/avr/include/util/delay.h **** 	#endif
 162:/usr/local/CrossPack-AVR-20131216/avr/include/util/delay.h **** 
 163:/usr/local/CrossPack-AVR-20131216/avr/include/util/delay.h **** 	__builtin_avr_delay_cycles(__ticks_dc);
 161               	.LM7:
 162 000c 2FEF      		ldi r18,lo8(95999)
 163 000e 36E7      		ldi r19,hi8(95999)
 164 0010 41E0      		ldi r20,hlo8(95999)
 165 0012 2150      		1: subi r18,1
 166 0014 3040      		sbci r19,0
 167 0016 4040      		sbci r20,0
 168 0018 01F4      		brne 1b
 169 001a 00C0      		rjmp .
 170 001c 0000      		nop
 171               	.LBE7:
 172               	.LBE6:
 174               	.Ltext2:
  26:/Users/insooKim/Documents/GitHub/xavr/blinkArduino/blinkArduino/main.c ****         for(char i = 0; i < 5; i++){
 176               	.LM8:
 177 001e 8F5F      		subi r24,lo8(-(1))
 178 0020 00C0      		rjmp .L3
 179               	.L7:
 180               	.LBE8:
 182               	.LM9:
 183 0022 85B1      		in r24,0x5
 184 0024 8927      		eor r24,r25
 185 0026 85B9      		out 0x5,r24
 186               	.LBB9:
  26:/Users/insooKim/Documents/GitHub/xavr/blinkArduino/blinkArduino/main.c ****         for(char i = 0; i < 5; i++){
 188               	.LM10:
 189 0028 80E0      		ldi r24,0
 190               	.LBE9:
  31:/Users/insooKim/Documents/GitHub/xavr/blinkArduino/blinkArduino/main.c **** 	}
 192               	.LM11:
 193 002a 00C0      		rjmp .L4
 204               	.Lscope2:
 205               		.text
 207               	.Letext0:
 208               		.ident	"GCC: (GNU) 4.8.1"
DEFINED SYMBOLS
                            *ABS*:00000000 main.c
/var/folders/5v/klz65mhj43l_r8sy39jn09940000gn/T//cceosL5l.s:2      *ABS*:0000003e __SP_H__
/var/folders/5v/klz65mhj43l_r8sy39jn09940000gn/T//cceosL5l.s:3      *ABS*:0000003d __SP_L__
/var/folders/5v/klz65mhj43l_r8sy39jn09940000gn/T//cceosL5l.s:4      *ABS*:0000003f __SREG__
/var/folders/5v/klz65mhj43l_r8sy39jn09940000gn/T//cceosL5l.s:5      *ABS*:00000000 __tmp_reg__
/var/folders/5v/klz65mhj43l_r8sy39jn09940000gn/T//cceosL5l.s:6      *ABS*:00000001 __zero_reg__
/var/folders/5v/klz65mhj43l_r8sy39jn09940000gn/T//cceosL5l.s:112    .text:00000000 initIO
/var/folders/5v/klz65mhj43l_r8sy39jn09940000gn/T//cceosL5l.s:130    .text.startup:00000000 main

NO UNDEFINED SYMBOLS
